{
  "stats": {
    "suites": 2,
    "tests": 5,
    "passes": 5,
    "pending": 0,
    "failures": 0,
    "start": "2020-05-01T14:36:33.919Z",
    "end": "2020-05-01T14:36:36.099Z",
    "duration": 2180,
    "testsRegistered": 5,
    "passPercent": 100,
    "pendingPercent": 0,
    "other": 0,
    "hasOther": false,
    "skipped": 0,
    "hasSkipped": false
  },
  "results": [
    {
      "uuid": "a826221e-f118-4782-9989-ed4566423c0c",
      "title": "",
      "fullFile": "",
      "file": "",
      "beforeHooks": [],
      "afterHooks": [],
      "tests": [],
      "suites": [
        {
          "uuid": "381d62b8-4cb1-4c47-9efd-5a460ac2a240",
          "title": "Movies API test",
          "fullFile": "/home/bosowski/Documents/college/labs/ewd-api-labs-2020/expressApp/tests/testMoviesApi.js",
          "file": "/tests/testMoviesApi.js",
          "beforeHooks": [
            {
              "title": "\"before all\" hook",
              "fullTitle": "Movies API test \"before all\" hook",
              "timedOut": false,
              "duration": 921,
              "state": null,
              "speed": null,
              "pass": false,
              "fail": false,
              "pending": false,
              "context": null,
              "code": "testUser.username = 'user1';\ntestUser.password = 'test1';\n_userModel2.default.create(testUser).then(function (result) {\n  return done();\n}).catch(function (err) {\n  return done(err);\n});",
              "err": {},
              "uuid": "18fbda15-ec84-46fa-99c9-7323859dbf92",
              "parentUUID": "381d62b8-4cb1-4c47-9efd-5a460ac2a240",
              "isHook": true,
              "skipped": false
            }
          ],
          "afterHooks": [],
          "tests": [
            {
              "title": "should get a list of Movies",
              "fullTitle": "Movies API test should get a list of Movies",
              "timedOut": false,
              "duration": 699,
              "state": "passed",
              "speed": "slow",
              "pass": true,
              "fail": false,
              "pending": false,
              "context": null,
              "code": "var token = null;\n(0, _supertest2.default)(_index.app).post('/api/users').send(testUser).expect(200).then(function (res) {\n  console.log(res.body);\n  // HTTP status should be 200\n  res.should.have.property('status').equal(200);\n  res.body.should.have.property('success').equal(true);\n  token = res.body.token;\n  (0, _supertest2.default)(_index.app).get('/api/movies').set('Authorization', token).then(function (res) {\n    // HTTP status should be 200\n    console.log(res.body);\n    res.should.have.property('status').equal(200);\n    done();\n  });\n}).catch(function (err) {\n  return done(err);\n});",
              "err": {},
              "uuid": "28e1c27b-a1da-4895-85c2-6cae1f2462bd",
              "parentUUID": "381d62b8-4cb1-4c47-9efd-5a460ac2a240",
              "isHook": false,
              "skipped": false
            },
            {
              "title": "should prevent access to movies without valid token",
              "fullTitle": "Movies API test should prevent access to movies without valid token",
              "timedOut": false,
              "duration": 1,
              "state": "passed",
              "speed": "fast",
              "pass": true,
              "fail": false,
              "pending": false,
              "context": null,
              "code": "var gen = fn.apply(this, arguments); return new Promise(function (resolve, reject) { function step(key, arg) { try { var info = gen[key](arg); var value = info.value; } catch (error) { reject(error); return; } if (info.done) { resolve(value); } else { return Promise.resolve(value).then(function (value) { step(\"next\", value); }, function (err) { step(\"throw\", err); }); } } return step(\"next\"); });",
              "err": {},
              "uuid": "e06e9a0b-b3d7-4414-accf-cee61dcd8f70",
              "parentUUID": "381d62b8-4cb1-4c47-9efd-5a460ac2a240",
              "isHook": false,
              "skipped": false
            }
          ],
          "suites": [],
          "passes": [
            "28e1c27b-a1da-4895-85c2-6cae1f2462bd",
            "e06e9a0b-b3d7-4414-accf-cee61dcd8f70"
          ],
          "failures": [],
          "pending": [],
          "skipped": [],
          "duration": 700,
          "root": false,
          "rootEmpty": false,
          "_timeout": 120000
        },
        {
          "uuid": "f7bd8a93-b278-4595-b173-91bc0148971d",
          "title": "Users API test",
          "fullFile": "/home/bosowski/Documents/college/labs/ewd-api-labs-2020/expressApp/tests/testUsersApi.js",
          "file": "/tests/testUsersApi.js",
          "beforeHooks": [
            {
              "title": "\"before all\" hook",
              "fullTitle": "Users API test \"before all\" hook",
              "timedOut": false,
              "duration": 179,
              "state": null,
              "speed": null,
              "pass": false,
              "fail": false,
              "pending": false,
              "context": null,
              "code": "testUser.username = 'user2';\ntestUser.password = 'test2';\ninvalidUser.username = 'chancer1';\ninvalidUser.password = 'bad1';\n_userModel2.default.create(testUser).then(function (result) {\n    return done();\n}).catch(function (err) {\n    return done(err);\n});",
              "err": {},
              "uuid": "31616f21-3a44-4caf-a348-9c417114ea2d",
              "parentUUID": "f7bd8a93-b278-4595-b173-91bc0148971d",
              "isHook": true,
              "skipped": false
            }
          ],
          "afterHooks": [],
          "tests": [
            {
              "title": "should register a user",
              "fullTitle": "Users API test should register a user",
              "timedOut": false,
              "duration": 181,
              "state": "passed",
              "speed": "slow",
              "pass": true,
              "fail": false,
              "pending": false,
              "context": null,
              "code": "var newUser = {\n            username: \"frankx\",\n            password: \"apassword\"\n        };\n        (0, _supertest2.default)(_index.app).post('/api/users').send(newUser).query({\n            action: 'register'\n        }).expect('Content-type', /json/).expect(201) // This is the HTTP response\n        .then(function (res) {\n            // HTTP status should be 200\n            res.should.have.property('status').equal(201);\n            done();\n        }).catch(function (err) {\n            return done(err);\n        });",
              "err": {},
              "uuid": "50566eae-9fc3-46a5-9675-da2782a0ca9e",
              "parentUUID": "f7bd8a93-b278-4595-b173-91bc0148971d",
              "isHook": false,
              "skipped": false
            },
            {
              "title": "should return a user token for valid user",
              "fullTitle": "Users API test should return a user token for valid user",
              "timedOut": false,
              "duration": 183,
              "state": "passed",
              "speed": "slow",
              "pass": true,
              "fail": false,
              "pending": false,
              "context": null,
              "code": "(0, _supertest2.default)(_index.app).post('/api/users').send(testUser).expect('Content-type', /json/).expect(200) // This is the HTTP response\n.then(function (res) {\n    // HTTP status should be 200\n    res.should.have.property('status').equal(200);\n    res.body.success.should.be.true;\n    res.body.token.should.exist;\n    done();\n}).catch(function (err) {\n    return done(err);\n});",
              "err": {},
              "uuid": "557db772-4c10-4d8c-9d8b-0bfb1f376473",
              "parentUUID": "f7bd8a93-b278-4595-b173-91bc0148971d",
              "isHook": false,
              "skipped": false
            },
            {
              "title": "should not return a token for invalid user",
              "fullTitle": "Users API test should not return a token for invalid user",
              "timedOut": false,
              "duration": 6,
              "state": "passed",
              "speed": "fast",
              "pass": true,
              "fail": false,
              "pending": false,
              "context": null,
              "code": "(0, _supertest2.default)(_index.app).post('/api/users').send(invalidUser).expect('Content-type', /json/).expect(401) // This is the HTTP response\n        .then(function (res) {\n            // HTTP status should be 401\n            res.should.have.property('status').equal(401);\n            _should2.default.not.exist(res.body.token);\n            done();\n        }).catch(function (err) {\n            return done(err);\n        });",
              "err": {},
              "uuid": "9a6951a1-d9e4-4ad2-9070-d786fb1d25af",
              "parentUUID": "f7bd8a93-b278-4595-b173-91bc0148971d",
              "isHook": false,
              "skipped": false
            }
          ],
          "suites": [],
          "passes": [
            "50566eae-9fc3-46a5-9675-da2782a0ca9e",
            "557db772-4c10-4d8c-9d8b-0bfb1f376473",
            "9a6951a1-d9e4-4ad2-9070-d786fb1d25af"
          ],
          "failures": [],
          "pending": [],
          "skipped": [],
          "duration": 370,
          "root": false,
          "rootEmpty": false,
          "_timeout": 120000
        }
      ],
      "passes": [],
      "failures": [],
      "pending": [],
      "skipped": [],
      "duration": 0,
      "root": true,
      "rootEmpty": true,
      "_timeout": 2000
    }
  ],
  "meta": {
    "mocha": {
      "version": "7.1.2"
    },
    "mochawesome": {
      "options": {
        "quiet": false,
        "reportFilename": "mochawesome",
        "saveHtml": true,
        "saveJson": true,
        "consoleReporter": "spec",
        "useInlineDiffs": false,
        "code": true
      },
      "version": "6.1.1"
    },
    "marge": {
      "options": null,
      "version": "5.1.0"
    }
  }
}